Arguments: 
  /usr/local/bin/node /usr/local/Cellar/yarn/1.22.10/libexec/bin/yarn.js add angulat-gantt-chart

PATH: 
  /usr/local/bin:/usr/bin:/bin:/usr/sbin:/sbin:/usr/local/go/bin

Yarn version: 
  1.22.10

Node version: 
  14.16.1

Platform: 
  darwin x64

Trace: 
  Error: https://registry.yarnpkg.com/angulat-gantt-chart: Not found
      at Request.params.callback [as _callback] (/usr/local/Cellar/yarn/1.22.10/libexec/lib/cli.js:66988:18)
      at Request.self.callback (/usr/local/Cellar/yarn/1.22.10/libexec/lib/cli.js:140749:22)
      at Request.emit (events.js:315:20)
      at Request.<anonymous> (/usr/local/Cellar/yarn/1.22.10/libexec/lib/cli.js:141721:10)
      at Request.emit (events.js:315:20)
      at IncomingMessage.<anonymous> (/usr/local/Cellar/yarn/1.22.10/libexec/lib/cli.js:141643:12)
      at Object.onceWrapper (events.js:421:28)
      at IncomingMessage.emit (events.js:327:22)
      at endReadableNT (internal/streams/readable.js:1327:12)
      at processTicksAndRejections (internal/process/task_queues.js:80:21)

npm manifest: 
  {
    "name": "gantt-cart",
    "version": "0.0.0",
    "scripts": {
      "ng": "ng",
      "start": "ng serve",
      "build": "ng build",
      "watch": "ng build --watch --configuration development",
      "test": "ng test"
    },
    "private": true,
    "dependencies": {
      "@angular/animations": "~12.0.3",
      "@angular/common": "~12.0.3",
      "@angular/compiler": "~12.0.3",
      "@angular/core": "~12.0.3",
      "@angular/forms": "~12.0.3",
      "@angular/platform-browser": "~12.0.3",
      "@angular/platform-browser-dynamic": "~12.0.3",
      "@angular/router": "~12.0.3",
      "rxjs": "6.6.0",
      "tslib": "^2.1.0",
      "zone.js": "~0.11.4"
    },
    "devDependencies": {
      "@angular-devkit/build-angular": "~12.0.3",
      "@angular/cli": "~12.0.3",
      "@angular/compiler-cli": "~12.0.3",
      "@types/jasmine": "~3.6.0",
      "@types/node": "^12.11.1",
      "jasmine-core": "~3.7.0",
      "karma": "~6.3.0",
      "karma-chrome-launcher": "~3.1.0",
      "karma-coverage": "~2.0.3",
      "karma-jasmine": "~4.0.0",
      "karma-jasmine-html-reporter": "^1.5.0",
      "typescript": "~4.2.3"
    }
  }

yarn manifest: 
  No manifest

Lockfile: 
  No lockfile
